<?xml version="1.0" encoding="UTF-8"?>
<!-- Generated by org.testng.reporters.JUnitXMLReporter -->
<testsuite hostname="TestingWorld-PC" name="Default test" tests="4" failures="0" timestamp="28 Sep 2017 04:23:57 GMT" time="59.954" errors="0">
  <testcase name="tcase1" time="3.894" classname="org.hcl.testcases.TC_001_Validate_Login_valid_credentials"/>
  <testcase name="tcase1" time="3.892" classname="org.hcl.testcases.TC_001_Validate_Login_valid_credentials"/>
  <testcase name="tcase1" time="3.777" classname="org.hcl.testcases.TC_001_Validate_Login_valid_credentials"/>
  <testcase name="tcase1" time="3.822" classname="org.hcl.testcases.TC_001_Validate_Login_valid_credentials"/>
</testsuite> <!-- Default test -->
